<?xml version="1.0" encoding="UTF-8"?>
<testng-results ignored="0" total="1" passed="1" failed="0" skipped="0">
  <reporter-output>
  </reporter-output>
  <suite started-at="2024-04-28T22:31:13 IST" name="Surefire suite" finished-at="2024-04-28T22:32:08 IST" duration-ms="54667">
    <groups>
    </groups>
    <test started-at="2024-04-28T22:31:13 IST" name="Surefire test" finished-at="2024-04-28T22:32:08 IST" duration-ms="54667">
      <class name="com.example.AppTest">
        <test-method is-config="true" signature="WebSetup()[pri:0, instance:com.example.AppTest@78aab498]" started-at="2024-04-28T22:31:13 IST" name="WebSetup" finished-at="2024-04-28T22:31:45 IST" duration-ms="31758" status="PASS">
          <reporter-output>
          </reporter-output>
        </test-method> <!-- WebSetup -->
        <test-method is-config="true" signature="ClickElement()[pri:0, instance:com.example.AppTest@78aab498]" started-at="2024-04-28T22:31:45 IST" name="ClickElement" finished-at="2024-04-28T22:31:46 IST" duration-ms="1203" status="PASS">
          <reporter-output>
          </reporter-output>
        </test-method> <!-- ClickElement -->
        <test-method signature="TestExecute()[pri:0, instance:com.example.AppTest@78aab498]" started-at="2024-04-28T22:31:46 IST" name="TestExecute" finished-at="2024-04-28T22:32:08 IST" duration-ms="21495" status="PASS">
          <reporter-output>
          </reporter-output>
        </test-method> <!-- TestExecute -->
        <test-method is-config="true" signature="prints()[pri:0, instance:com.example.AppTest@78aab498]" started-at="2024-04-28T22:32:08 IST" name="prints" finished-at="2024-04-28T22:32:08 IST" duration-ms="150" status="PASS">
          <reporter-output>
          </reporter-output>
        </test-method> <!-- prints -->
      </class> <!-- com.example.AppTest -->
    </test> <!-- Surefire test -->
  </suite> <!-- Surefire suite -->
</testng-results>
